
**** Build of configuration Debug for project blueTest ****

"C:\\Program Files (x86)\\ti\\ccs730\\ccsv7\\utils\\bin\\gmake" -k -j 12 all -O 
'Building file: ../main.c'
'Invoking: ARM Compiler'
"C:/Program Files (x86)/ti/ccs730/ccsv7/tools/compiler/ti-cgt-arm_16.9.4.LTS/bin/armcl" -mv7M3 --code_state=16 -me --include_path="D:/Utilisateurs/Pierre/Mes documents/Prog/CHIC-pocs/CC2640R2/blueTest" --include_path="C:/Program Files (x86)/ti/ccs730/ccsv7/tools/compiler/ti-cgt-arm_16.9.4.LTS/include" -g --diag_warning=225 --diag_wrap=off --display_error_number --abi=eabi --preproc_with_compile --preproc_dependency="main.d_raw"  "../main.c"

>> Compilation failure
subdir_rules.mk:9: recipe for target 'main.obj' failed
"../main.c", line 51: fatal error #1965: cannot open source file "xdc/runtime/Error.h"
1 catastrophic error detected in the compilation of "../main.c".
Compilation terminated.
gmake: *** [main.obj] Error 1
'Building file: ../simple_peripheral.c'
'Invoking: ARM Compiler'
"C:/Program Files (x86)/ti/ccs730/ccsv7/tools/compiler/ti-cgt-arm_16.9.4.LTS/bin/armcl" -mv7M3 --code_state=16 -me --include_path="D:/Utilisateurs/Pierre/Mes documents/Prog/CHIC-pocs/CC2640R2/blueTest" --include_path="C:/Program Files (x86)/ti/ccs730/ccsv7/tools/compiler/ti-cgt-arm_16.9.4.LTS/include" -g --diag_warning=225 --diag_wrap=off --display_error_number --abi=eabi --preproc_with_compile --preproc_dependency="simple_peripheral.d_raw"  "../simple_peripheral.c"

>> Compilation failure
subdir_rules.mk:16: recipe for target 'simple_peripheral.obj' failed
"../simple_peripheral.c", line 53: fatal error #1965: cannot open source file "ti/sysbios/knl/Task.h"
1 catastrophic error detected in the compilation of "../simple_peripheral.c".
Compilation terminated.
gmake: *** [simple_peripheral.obj] Error 1
'Building file: ../simple_peripheral_dbg.c'
'Invoking: ARM Compiler'
"C:/Program Files (x86)/ti/ccs730/ccsv7/tools/compiler/ti-cgt-arm_16.9.4.LTS/bin/armcl" -mv7M3 --code_state=16 -me --include_path="D:/Utilisateurs/Pierre/Mes documents/Prog/CHIC-pocs/CC2640R2/blueTest" --include_path="C:/Program Files (x86)/ti/ccs730/ccsv7/tools/compiler/ti-cgt-arm_16.9.4.LTS/include" -g --diag_warning=225 --diag_wrap=off --display_error_number --abi=eabi --preproc_with_compile --preproc_dependency="simple_peripheral_dbg.d_raw"  "../simple_peripheral_dbg.c"

>> Compilation failure
subdir_rules.mk:23: recipe for target 'simple_peripheral_dbg.obj' failed
"../simple_peripheral_dbg.c", line 53: fatal error #1965: cannot open source file "ti/sysbios/knl/Task.h"
1 catastrophic error detected in the compilation of "../simple_peripheral_dbg.c".
Compilation terminated.
gmake: *** [simple_peripheral_dbg.obj] Error 1
gmake: Target 'all' not remade because of errors.

**** Build Finished ****

**** Build of configuration Debug for project blueTest ****

"C:\\Program Files (x86)\\ti\\ccs730\\ccsv7\\utils\\bin\\gmake" -k -j 12 all -O 
'Building file: ../main.c'
'Invoking: ARM Compiler'
"C:/Program Files (x86)/ti/ccs730/ccsv7/tools/compiler/ti-cgt-arm_16.9.4.LTS/bin/armcl" -mv7M3 --code_state=16 -me --include_path="D:/Utilisateurs/Pierre/Mes documents/Prog/CHIC-pocs/CC2640R2/blueTest" --include_path="C:/Program Files (x86)/ti/ccs730/ccsv7/tools/compiler/ti-cgt-arm_16.9.4.LTS/include" -g --diag_warning=225 --diag_wrap=off --display_error_number --abi=eabi --preproc_with_compile --preproc_dependency="main.d_raw"  "../main.c"

>> Compilation failure
subdir_rules.mk:9: recipe for target 'main.obj' failed
"../main.c", line 51: fatal error #1965: cannot open source file "xdc/runtime/Error.h"
1 catastrophic error detected in the compilation of "../main.c".
Compilation terminated.
gmake: *** [main.obj] Error 1
'Building file: ../simple_peripheral.c'
'Invoking: ARM Compiler'
"C:/Program Files (x86)/ti/ccs730/ccsv7/tools/compiler/ti-cgt-arm_16.9.4.LTS/bin/armcl" -mv7M3 --code_state=16 -me --include_path="D:/Utilisateurs/Pierre/Mes documents/Prog/CHIC-pocs/CC2640R2/blueTest" --include_path="C:/Program Files (x86)/ti/ccs730/ccsv7/tools/compiler/ti-cgt-arm_16.9.4.LTS/include" -g --diag_warning=225 --diag_wrap=off --display_error_number --abi=eabi --preproc_with_compile --preproc_dependency="simple_peripheral.d_raw"  "../simple_peripheral.c"

>> Compilation failure
subdir_rules.mk:16: recipe for target 'simple_peripheral.obj' failed
"../simple_peripheral.c", line 53: fatal error #1965: cannot open source file "ti/sysbios/knl/Task.h"
1 catastrophic error detected in the compilation of "../simple_peripheral.c".
Compilation terminated.
gmake: *** [simple_peripheral.obj] Error 1
'Building file: ../simple_peripheral_dbg.c'
'Invoking: ARM Compiler'
"C:/Program Files (x86)/ti/ccs730/ccsv7/tools/compiler/ti-cgt-arm_16.9.4.LTS/bin/armcl" -mv7M3 --code_state=16 -me --include_path="D:/Utilisateurs/Pierre/Mes documents/Prog/CHIC-pocs/CC2640R2/blueTest" --include_path="C:/Program Files (x86)/ti/ccs730/ccsv7/tools/compiler/ti-cgt-arm_16.9.4.LTS/include" -g --diag_warning=225 --diag_wrap=off --display_error_number --abi=eabi --preproc_with_compile --preproc_dependency="simple_peripheral_dbg.d_raw"  "../simple_peripheral_dbg.c"

>> Compilation failure
subdir_rules.mk:23: recipe for target 'simple_peripheral_dbg.obj' failed
"../simple_peripheral_dbg.c", line 53: fatal error #1965: cannot open source file "ti/sysbios/knl/Task.h"
1 catastrophic error detected in the compilation of "../simple_peripheral_dbg.c".
Compilation terminated.
gmake: *** [simple_peripheral_dbg.obj] Error 1
gmake: Target 'all' not remade because of errors.

**** Build Finished ****

**** Build of configuration Debug for project blueTest ****

"C:\\Program Files (x86)\\ti\\ccs730\\ccsv7\\utils\\bin\\gmake" -k -j 12 all -O 
'Building file: ../simple_peripheral.c'
'Invoking: ARM Compiler'
"C:/Program Files (x86)/ti/ccs730/ccsv7/tools/compiler/ti-cgt-arm_16.9.4.LTS/bin/armcl" -mv7M3 --code_state=16 -me --include_path="D:/Utilisateurs/Pierre/Mes documents/Prog/CHIC-pocs/CC2640R2/blueTest" --include_path="C:/Program Files (x86)/ti/ccs730/ccsv7/tools/compiler/ti-cgt-arm_16.9.4.LTS/include" -g --diag_warning=225 --diag_wrap=off --display_error_number --abi=eabi --preproc_with_compile --preproc_dependency="simple_peripheral.d_raw"  "../simple_peripheral.c"

>> Compilation failure
subdir_rules.mk:16: recipe for target 'simple_peripheral.obj' failed
"../simple_peripheral.c", line 53: fatal error #1965: cannot open source file "ti/sysbios/knl/Task.h"
1 catastrophic error detected in the compilation of "../simple_peripheral.c".
Compilation terminated.
gmake: *** [simple_peripheral.obj] Error 1
'Building file: ../main.c'
'Invoking: ARM Compiler'
"C:/Program Files (x86)/ti/ccs730/ccsv7/tools/compiler/ti-cgt-arm_16.9.4.LTS/bin/armcl" -mv7M3 --code_state=16 -me --include_path="D:/Utilisateurs/Pierre/Mes documents/Prog/CHIC-pocs/CC2640R2/blueTest" --include_path="C:/Program Files (x86)/ti/ccs730/ccsv7/tools/compiler/ti-cgt-arm_16.9.4.LTS/include" -g --diag_warning=225 --diag_wrap=off --display_error_number --abi=eabi --preproc_with_compile --preproc_dependency="main.d_raw"  "../main.c"

>> Compilation failure
subdir_rules.mk:9: recipe for target 'main.obj' failed
"C:\Program Files (x86)/ti/xdctools_3_50_03_33_core/packages/xdc/runtime/Error.h", line 50: fatal error #1965: cannot open source file "xdc/std.h"
1 catastrophic error detected in the compilation of "../main.c".
Compilation terminated.
gmake: *** [main.obj] Error 1
'Building file: ../simple_peripheral_dbg.c'
'Invoking: ARM Compiler'
"C:/Program Files (x86)/ti/ccs730/ccsv7/tools/compiler/ti-cgt-arm_16.9.4.LTS/bin/armcl" -mv7M3 --code_state=16 -me --include_path="D:/Utilisateurs/Pierre/Mes documents/Prog/CHIC-pocs/CC2640R2/blueTest" --include_path="C:/Program Files (x86)/ti/ccs730/ccsv7/tools/compiler/ti-cgt-arm_16.9.4.LTS/include" -g --diag_warning=225 --diag_wrap=off --display_error_number --abi=eabi --preproc_with_compile --preproc_dependency="simple_peripheral_dbg.d_raw"  "../simple_peripheral_dbg.c"

>> Compilation failure
subdir_rules.mk:23: recipe for target 'simple_peripheral_dbg.obj' failed
"../simple_peripheral_dbg.c", line 53: fatal error #1965: cannot open source file "ti/sysbios/knl/Task.h"
1 catastrophic error detected in the compilation of "../simple_peripheral_dbg.c".
Compilation terminated.
gmake: *** [simple_peripheral_dbg.obj] Error 1
gmake: Target 'all' not remade because of errors.

**** Build Finished ****

**** Build of configuration Debug for project blueTest ****

"C:\\Program Files (x86)\\ti\\ccs730\\ccsv7\\utils\\bin\\gmake" -k -j 12 all -O 
'Building file: ../main.c'
'Invoking: ARM Compiler'
"C:/Program Files (x86)/ti/ccs730/ccsv7/tools/compiler/ti-cgt-arm_16.9.4.LTS/bin/armcl" -mv7M3 --code_state=16 -me --include_path="D:/Utilisateurs/Pierre/Mes documents/Prog/CHIC-pocs/CC2640R2/blueTest" --include_path="C:/Program Files (x86)/ti/ccs730/ccsv7/tools/compiler/ti-cgt-arm_16.9.4.LTS/include" -g --diag_warning=225 --diag_wrap=off --display_error_number --abi=eabi --preproc_with_compile --preproc_dependency="main.d_raw"  "../main.c"

>> Compilation failure
subdir_rules.mk:9: recipe for target 'main.obj' failed
"../main.c", line 51: fatal error #1965: cannot open source file "${XDC_SDK}/xdc/runtime/Error.h"
1 catastrophic error detected in the compilation of "../main.c".
Compilation terminated.
gmake: *** [main.obj] Error 1
'Building file: ../simple_peripheral.c'
'Invoking: ARM Compiler'
"C:/Program Files (x86)/ti/ccs730/ccsv7/tools/compiler/ti-cgt-arm_16.9.4.LTS/bin/armcl" -mv7M3 --code_state=16 -me --include_path="D:/Utilisateurs/Pierre/Mes documents/Prog/CHIC-pocs/CC2640R2/blueTest" --include_path="C:/Program Files (x86)/ti/ccs730/ccsv7/tools/compiler/ti-cgt-arm_16.9.4.LTS/include" -g --diag_warning=225 --diag_wrap=off --display_error_number --abi=eabi --preproc_with_compile --preproc_dependency="simple_peripheral.d_raw"  "../simple_peripheral.c"

>> Compilation failure
subdir_rules.mk:16: recipe for target 'simple_peripheral.obj' failed
"../simple_peripheral.c", line 53: fatal error #1965: cannot open source file "ti/sysbios/knl/Task.h"
1 catastrophic error detected in the compilation of "../simple_peripheral.c".
Compilation terminated.
gmake: *** [simple_peripheral.obj] Error 1
'Building file: ../simple_peripheral_dbg.c'
'Invoking: ARM Compiler'
"C:/Program Files (x86)/ti/ccs730/ccsv7/tools/compiler/ti-cgt-arm_16.9.4.LTS/bin/armcl" -mv7M3 --code_state=16 -me --include_path="D:/Utilisateurs/Pierre/Mes documents/Prog/CHIC-pocs/CC2640R2/blueTest" --include_path="C:/Program Files (x86)/ti/ccs730/ccsv7/tools/compiler/ti-cgt-arm_16.9.4.LTS/include" -g --diag_warning=225 --diag_wrap=off --display_error_number --abi=eabi --preproc_with_compile --preproc_dependency="simple_peripheral_dbg.d_raw"  "../simple_peripheral_dbg.c"

>> Compilation failure
subdir_rules.mk:23: recipe for target 'simple_peripheral_dbg.obj' failed
"../simple_peripheral_dbg.c", line 53: fatal error #1965: cannot open source file "ti/sysbios/knl/Task.h"
1 catastrophic error detected in the compilation of "../simple_peripheral_dbg.c".
Compilation terminated.
gmake: *** [simple_peripheral_dbg.obj] Error 1
gmake: Target 'all' not remade because of errors.

**** Build Finished ****

**** Build of configuration Debug for project blueTest ****

"C:\\Program Files (x86)\\ti\\ccs730\\ccsv7\\utils\\bin\\gmake" -k -j 12 all -O 
'Building file: ../simple_peripheral.c'
'Invoking: ARM Compiler'
"C:/Program Files (x86)/ti/ccs730/ccsv7/tools/compiler/ti-cgt-arm_16.9.4.LTS/bin/armcl" -mv7M3 --code_state=16 -me --include_path="D:/Utilisateurs/Pierre/Mes documents/Prog/CHIC-pocs/CC2640R2/blueTest" --include_path="C:/Program Files (x86)/ti/ccs730/ccsv7/tools/compiler/ti-cgt-arm_16.9.4.LTS/include" -g --diag_warning=225 --diag_wrap=off --display_error_number --abi=eabi --preproc_with_compile --preproc_dependency="simple_peripheral.d_raw"  "../simple_peripheral.c"

>> Compilation failure
subdir_rules.mk:16: recipe for target 'simple_peripheral.obj' failed
"../simple_peripheral.c", line 53: fatal error #1965: cannot open source file "ti/sysbios/knl/Task.h"
1 catastrophic error detected in the compilation of "../simple_peripheral.c".
Compilation terminated.
gmake: *** [simple_peripheral.obj] Error 1
'Building file: ../main.c'
'Invoking: ARM Compiler'
"C:/Program Files (x86)/ti/ccs730/ccsv7/tools/compiler/ti-cgt-arm_16.9.4.LTS/bin/armcl" -mv7M3 --code_state=16 -me --include_path="D:/Utilisateurs/Pierre/Mes documents/Prog/CHIC-pocs/CC2640R2/blueTest" --include_path="C:/Program Files (x86)/ti/ccs730/ccsv7/tools/compiler/ti-cgt-arm_16.9.4.LTS/include" -g --diag_warning=225 --diag_wrap=off --display_error_number --abi=eabi --preproc_with_compile --preproc_dependency="main.d_raw"  "../main.c"

>> Compilation failure
subdir_rules.mk:9: recipe for target 'main.obj' failed
"../main.c", line 51: fatal error #1965: cannot open source file "XDC_SDK/xdc/runtime/Error.h"
1 catastrophic error detected in the compilation of "../main.c".
Compilation terminated.
gmake: *** [main.obj] Error 1
'Building file: ../simple_peripheral_dbg.c'
'Invoking: ARM Compiler'
"C:/Program Files (x86)/ti/ccs730/ccsv7/tools/compiler/ti-cgt-arm_16.9.4.LTS/bin/armcl" -mv7M3 --code_state=16 -me --include_path="D:/Utilisateurs/Pierre/Mes documents/Prog/CHIC-pocs/CC2640R2/blueTest" --include_path="C:/Program Files (x86)/ti/ccs730/ccsv7/tools/compiler/ti-cgt-arm_16.9.4.LTS/include" -g --diag_warning=225 --diag_wrap=off --display_error_number --abi=eabi --preproc_with_compile --preproc_dependency="simple_peripheral_dbg.d_raw"  "../simple_peripheral_dbg.c"

>> Compilation failure
subdir_rules.mk:23: recipe for target 'simple_peripheral_dbg.obj' failed
"../simple_peripheral_dbg.c", line 53: fatal error #1965: cannot open source file "ti/sysbios/knl/Task.h"
1 catastrophic error detected in the compilation of "../simple_peripheral_dbg.c".
Compilation terminated.
gmake: *** [simple_peripheral_dbg.obj] Error 1
gmake: Target 'all' not remade because of errors.

**** Build Finished ****

**** Build of configuration Debug for project blueTest ****

"C:\\Program Files (x86)\\ti\\ccs730\\ccsv7\\utils\\bin\\gmake" -k -j 12 all -O 
gmake[1]: Entering directory 'D:/Utilisateurs/Pierre/Mes documents/Prog/CHIC-pocs/CC2640R2/blueTest/Debug'
gmake[1]: Entering directory 'D:/Utilisateurs/Pierre/Mes documents/Prog/CHIC-pocs/CC2640R2/blueTest/Debug'
gmake[1]: Entering directory 'D:/Utilisateurs/Pierre/Mes documents/Prog/CHIC-pocs/CC2640R2/blueTest/Debug'
gmake[1]: Entering directory 'D:/Utilisateurs/Pierre/Mes documents/Prog/CHIC-pocs/CC2640R2/blueTest/Debug'
gmake[1]: Entering directory 'D:/Utilisateurs/Pierre/Mes documents/Prog/CHIC-pocs/CC2640R2/blueTest/Debug'
gmake[1]: Entering directory 'D:/Utilisateurs/Pierre/Mes documents/Prog/CHIC-pocs/CC2640R2/blueTest/Debug'
gmake[1]: Entering directory 'D:/Utilisateurs/Pierre/Mes documents/Prog/CHIC-pocs/CC2640R2/blueTest/Debug'
gmake[1]: Entering directory 'D:/Utilisateurs/Pierre/Mes documents/Prog/CHIC-pocs/CC2640R2/blueTest/Debug'
gmake[1]: Entering directory 'D:/Utilisateurs/Pierre/Mes documents/Prog/CHIC-pocs/CC2640R2/blueTest/Debug'
'Building file: ../ti/catalog/arm/cortexm4/package/build.cfg'
gmake[1]: Entering directory 'D:/Utilisateurs/Pierre/Mes documents/Prog/CHIC-pocs/CC2640R2/blueTest/Debug'
'Building file: ../ti/catalog/arm/cortexm4/tiva/ce/package/build.cfg'
gmake[1]: Entering directory 'D:/Utilisateurs/Pierre/Mes documents/Prog/CHIC-pocs/CC2640R2/blueTest/Debug'
'Building file: ../ti/catalog/package/build.cfg'
gmake[1]: Entering directory 'D:/Utilisateurs/Pierre/Mes documents/Prog/CHIC-pocs/CC2640R2/blueTest/Debug'
'Building file: ../ti/catalog/peripherals/hdvicp2/package/build.cfg'
'Building file: ../ti/catalog/arm/package/build.cfg'
'Building file: ../ti/catalog/arm/peripherals/timers/package/build.cfg'
'Building file: ../ti/dpl/package/build.cfg'
'Building file: ../ti/platforms/generic/package/build.cfg'
'Building file: ../ti/catalog/arm/cortexm3/package/build.cfg'
'Building file: ../ti/platforms/arm/package/build.cfg'
'Building file: ../ti/platforms/simCM3/package/build.cfg'
'Building file: ../ti/platforms/msp432/package/build.cfg'
'Invoking: XDCtools'
'Invoking: XDCtools'
'Invoking: XDCtools'
'Invoking: XDCtools'
'Invoking: XDCtools'
'Invoking: XDCtools'
'Invoking: XDCtools'
"C:/Program Files (x86)/ti/ccs730/xdctools_3_50_03_33_core/xs" --xdcpath= xdc.tools.configuro -o configPkg -r debug -b "D:/Utilisateurs/Pierre/Mes documents/Prog/CHIC-pocs/CC2640R2/blueTest/xdc/rov/runtime/config.bld" -c "C:/Program Files (x86)/ti/ccs730/ccsv7/tools/compiler/ti-cgt-arm_16.9.4.LTS" "../ti/catalog/arm/cortexm4/tiva/ce/package/build.cfg"
"C:/Program Files (x86)/ti/ccs730/xdctools_3_50_03_33_core/xs" --xdcpath= xdc.tools.configuro -o configPkg -r debug -b "D:/Utilisateurs/Pierre/Mes documents/Prog/CHIC-pocs/CC2640R2/blueTest/xdc/rov/runtime/config.bld" -c "C:/Program Files (x86)/ti/ccs730/ccsv7/tools/compiler/ti-cgt-arm_16.9.4.LTS" "../ti/catalog/package/build.cfg"
"C:/Program Files (x86)/ti/ccs730/xdctools_3_50_03_33_core/xs" --xdcpath= xdc.tools.configuro -o configPkg -r debug -b "D:/Utilisateurs/Pierre/Mes documents/Prog/CHIC-pocs/CC2640R2/blueTest/xdc/rov/runtime/config.bld" -c "C:/Program Files (x86)/ti/ccs730/ccsv7/tools/compiler/ti-cgt-arm_16.9.4.LTS" "../ti/catalog/arm/cortexm4/package/build.cfg"
'Invoking: XDCtools'
'Invoking: XDCtools'
"C:/Program Files (x86)/ti/ccs730/xdctools_3_50_03_33_core/xs" --xdcpath= xdc.tools.configuro -o configPkg -r debug -b "D:/Utilisateurs/Pierre/Mes documents/Prog/CHIC-pocs/CC2640R2/blueTest/xdc/rov/runtime/config.bld" -c "C:/Program Files (x86)/ti/ccs730/ccsv7/tools/compiler/ti-cgt-arm_16.9.4.LTS" "../ti/catalog/peripherals/hdvicp2/package/build.cfg"
"C:/Program Files (x86)/ti/ccs730/xdctools_3_50_03_33_core/xs" --xdcpath= xdc.tools.configuro -o configPkg -r debug -b "D:/Utilisateurs/Pierre/Mes documents/Prog/CHIC-pocs/CC2640R2/blueTest/xdc/rov/runtime/config.bld" -c "C:/Program Files (x86)/ti/ccs730/ccsv7/tools/compiler/ti-cgt-arm_16.9.4.LTS" "../ti/catalog/arm/package/build.cfg"
'Invoking: XDCtools'
"C:/Program Files (x86)/ti/ccs730/xdctools_3_50_03_33_core/xs" --xdcpath= xdc.tools.configuro -o configPkg -r debug -b "D:/Utilisateurs/Pierre/Mes documents/Prog/CHIC-pocs/CC2640R2/blueTest/xdc/rov/runtime/config.bld" -c "C:/Program Files (x86)/ti/ccs730/ccsv7/tools/compiler/ti-cgt-arm_16.9.4.LTS" "../ti/catalog/arm/peripherals/timers/package/build.cfg"
"C:/Program Files (x86)/ti/ccs730/xdctools_3_50_03_33_core/xs" --xdcpath= xdc.tools.configuro -o configPkg -r debug -b "D:/Utilisateurs/Pierre/Mes documents/Prog/CHIC-pocs/CC2640R2/blueTest/xdc/rov/runtime/config.bld" -c "C:/Program Files (x86)/ti/ccs730/ccsv7/tools/compiler/ti-cgt-arm_16.9.4.LTS" "../ti/dpl/package/build.cfg"
'Invoking: XDCtools'
'Invoking: XDCtools'
"C:/Program Files (x86)/ti/ccs730/xdctools_3_50_03_33_core/xs" --xdcpath= xdc.tools.configuro -o configPkg -r debug -b "D:/Utilisateurs/Pierre/Mes documents/Prog/CHIC-pocs/CC2640R2/blueTest/xdc/rov/runtime/config.bld" -c "C:/Program Files (x86)/ti/ccs730/ccsv7/tools/compiler/ti-cgt-arm_16.9.4.LTS" "../ti/platforms/arm/package/build.cfg"
"C:/Program Files (x86)/ti/ccs730/xdctools_3_50_03_33_core/xs" --xdcpath= xdc.tools.configuro -o configPkg -r debug -b "D:/Utilisateurs/Pierre/Mes documents/Prog/CHIC-pocs/CC2640R2/blueTest/xdc/rov/runtime/config.bld" -c "C:/Program Files (x86)/ti/ccs730/ccsv7/tools/compiler/ti-cgt-arm_16.9.4.LTS" "../ti/platforms/generic/package/build.cfg"
"C:/Program Files (x86)/ti/ccs730/xdctools_3_50_03_33_core/xs" --xdcpath= xdc.tools.configuro -o configPkg -r debug -b "D:/Utilisateurs/Pierre/Mes documents/Prog/CHIC-pocs/CC2640R2/blueTest/xdc/rov/runtime/config.bld" -c "C:/Program Files (x86)/ti/ccs730/ccsv7/tools/compiler/ti-cgt-arm_16.9.4.LTS" "../ti/platforms/simCM3/package/build.cfg"
"C:/Program Files (x86)/ti/ccs730/xdctools_3_50_03_33_core/xs" --xdcpath= xdc.tools.configuro -o configPkg -r debug -b "D:/Utilisateurs/Pierre/Mes documents/Prog/CHIC-pocs/CC2640R2/blueTest/xdc/rov/runtime/config.bld" -c "C:/Program Files (x86)/ti/ccs730/ccsv7/tools/compiler/ti-cgt-arm_16.9.4.LTS" "../ti/catalog/arm/cortexm3/package/build.cfg"
"C:/Program Files (x86)/ti/ccs730/xdctools_3_50_03_33_core/xs" --xdcpath= xdc.tools.configuro -o configPkg -r debug -b "D:/Utilisateurs/Pierre/Mes documents/Prog/CHIC-pocs/CC2640R2/blueTest/xdc/rov/runtime/config.bld" -c "C:/Program Files (x86)/ti/ccs730/ccsv7/tools/compiler/ti-cgt-arm_16.9.4.LTS" "../ti/platforms/msp432/package/build.cfg"
